Exporter version: 2.93.5, Blender version: 3.0.1
========= Conversion from Blender to Babylon.js =========
	Scene settings used :
		Inline textures     :  false
		Material Type       :  PBR
		Positions Precision :  4
		Normals Precision   :  3
		UVs Precision       :  3
		Vert Color Precision:  3
		Mat Weight Precision:  2
		Keep Z-up r-handed  :  no
		Texture directory   :  C:\Users\wings\OneDrive - Walla Walla University\CPTR 355\avy-intuition\models\
	Python World class constructor completed
	processing begun of mesh:  Cube
		processing begun of material:  Material
		num positions      :  1466
		num normals        :  1466
		num tangents       :  0
		num uvs            :  2932
		num uvs2           :  0
		num colors         :  0
		num triangles      :  496
	processing begun of camera (UniversalCamera):  Camera
	processing begun of mesh:  Plane
		processing begun of material:  Material.002
		num positions      :  51
		num normals        :  51
		num tangents       :  0
		num uvs            :  102
		num uvs2           :  0
		num colors         :  0
		num triangles      :  20
	processing begun of mesh:  Sphere
		processing begun of material:  Material.001
		num positions      :  2628
		num normals        :  2628
		num tangents       :  0
		num uvs            :  5256
		num uvs2           :  0
		num colors         :  0
		num triangles      :  960
	processing begun of light (POINT):  Light
========= Writing of JSON file started =========
	writing mesh:  Cube
	writing mesh:  Plane
	writing mesh:  Sphere
========= Writing of JSON file completed =========
========= end of processing =========
elapsed time:  0 min, 0.2698 secs
